<?xml version="1.0" encoding="UTF-8"?>
<!-- Generated by org.testng.reporters.JUnitXMLReporter -->
<testsuite ignored="1" hostname="prashant-jadon" failures="0" tests="1" name="mavenProject2" time="30.736" errors="0" timestamp="2022-02-28T13:55:48 IST">
  <testcase classname="org.example.LoginAPIAutomaTest" name="cnCreation" time="27.033"/>
  <testcase classname="org.example.LoginAPIAutomaTest" name="arrivalPending" time="0.0">
    <ignored/>
  </testcase> <!-- arrivalPending -->
</testsuite> <!-- mavenProject2 -->
