<?xml version="1.0" encoding="UTF-8"?>
<testng-results ignored="1" total="2" passed="1" failed="0" skipped="0">
  <reporter-output>
  </reporter-output>
  <suite started-at="2022-02-28T13:55:17 IST" name="Default Suite" finished-at="2022-02-28T13:55:48 IST" duration-ms="30736">
    <groups>
    </groups>
    <test started-at="2022-02-28T13:55:17 IST" name="mavenProject2" finished-at="2022-02-28T13:55:48 IST" duration-ms="30736">
      <class name="org.example.LoginAPIAutomaTest">
        <test-method is-config="true" signature="setup()[pri:0, instance:org.example.LoginAPIAutomaTest@5cdd8682]" started-at="2022-02-28T13:55:17 IST" name="setup" finished-at="2022-02-28T13:55:20 IST" duration-ms="3319" status="PASS">
          <reporter-output>
          </reporter-output>
        </test-method> <!-- setup -->
        <test-method signature="cnCreation()[pri:0, instance:org.example.LoginAPIAutomaTest@5cdd8682]" started-at="2022-02-28T13:55:20 IST" name="cnCreation" finished-at="2022-02-28T13:55:48 IST" duration-ms="27033" status="PASS">
          <reporter-output>
          </reporter-output>
        </test-method> <!-- cnCreation -->
        <test-method is-config="true" signature="tearDown(org.testng.ITestResult)[pri:0, instance:org.example.LoginAPIAutomaTest@5cdd8682]" started-at="2022-02-28T13:55:48 IST" name="tearDown" finished-at="2022-02-28T13:55:48 IST" duration-ms="9" status="PASS">
          <params>
            <param index="0">
              <value>
                <![CDATA[[TestResult name=cnCreation status=SUCCESS method=LoginAPIAutomaTest.cnCreation()[pri:0, instance:org.example.LoginAPIAutomaTest@5cdd8682] output={null}]]]>
              </value>
            </param>
          </params>
          <reporter-output>
          </reporter-output>
        </test-method> <!-- tearDown -->
        <test-method is-config="true" signature="endReport()[pri:0, instance:org.example.LoginAPIAutomaTest@5cdd8682]" started-at="2022-02-28T13:55:48 IST" name="endReport" finished-at="2022-02-28T13:55:48 IST" duration-ms="346" status="PASS">
          <reporter-output>
          </reporter-output>
        </test-method> <!-- endReport -->
      </class> <!-- org.example.LoginAPIAutomaTest -->
    </test> <!-- mavenProject2 -->
  </suite> <!-- Default Suite -->
</testng-results>
